<?xml version="1.0" encoding="UTF-8"?>
<!-- Generated by org.testng.reporters.JUnitReportReporter -->
<testsuite hostname="Ankhit" failures="0" tests="2" name="pushpa.TestPushpaTest" time="37.220" errors="0" timestamp="2022-10-02T19:04:43 IST" skipped="0">
  <testcase classname="pushpa.TestPushpaTest" name="wikidaterealse" time="12.485"/>
  <system-out>
    <![CDATA[TC is Passed]]>
  </system-out>
  <testcase classname="pushpa.TestPushpaTest" name="imddaterealse" time="24.735"/>
  <system-out/>
</testsuite> <!-- pushpa.TestPushpaTest -->
