<?xml version="1.0" encoding="UTF-8"?>
<!-- Generated by org.testng.reporters.JUnitReportReporter -->
<testsuite hostname="Ankhit" failures="0" tests="2" name="pushpa.TestPushpaTest" time="36.153" errors="0" timestamp="2022-10-02T18:52:21 IST" skipped="0">
  <testcase classname="pushpa.TestPushpaTest" name="imddaterealse" time="23.788"/>
  <system-out/>
  <testcase classname="pushpa.TestPushpaTest" name="wikidaterealse" time="12.365"/>
  <system-out/>
</testsuite> <!-- pushpa.TestPushpaTest -->
